<?xml version="1.0" encoding="UTF-8"?>
<testsuite xmlns:xsi="http://www.w3.org/2001/XMLSchema-instance" xsi:noNamespaceSchemaLocation="https://maven.apache.org/surefire/maven-surefire-plugin/xsd/surefire-test-report.xsd" name="TestSuite" time="16.55" tests="4" errors="0" skipped="0" failures="0">
  <properties>
    <property name="sun.desktop" value="windows"/>
    <property name="awt.toolkit" value="sun.awt.windows.WToolkit"/>
    <property name="file.encoding.pkg" value="sun.io"/>
    <property name="java.specification.version" value="1.8"/>
    <property name="sun.cpu.isalist" value="amd64"/>
    <property name="sun.jnu.encoding" value="Cp1252"/>
    <property name="java.class.path" value="E:\To_Move\sentinel\Sentinel\DynamicLog4jProject\target\test-classes;E:\To_Move\sentinel\Sentinel\DynamicLog4jProject\target\classes;C:\Users\aapatil\.m2\repository\org\seleniumhq\selenium\selenium-java\3.13.0\selenium-java-3.13.0.jar;C:\Users\aapatil\.m2\repository\org\seleniumhq\selenium\selenium-api\3.13.0\selenium-api-3.13.0.jar;C:\Users\aapatil\.m2\repository\org\seleniumhq\selenium\selenium-chrome-driver\3.13.0\selenium-chrome-driver-3.13.0.jar;C:\Users\aapatil\.m2\repository\org\seleniumhq\selenium\selenium-edge-driver\3.13.0\selenium-edge-driver-3.13.0.jar;C:\Users\aapatil\.m2\repository\org\seleniumhq\selenium\selenium-firefox-driver\3.13.0\selenium-firefox-driver-3.13.0.jar;C:\Users\aapatil\.m2\repository\org\seleniumhq\selenium\selenium-ie-driver\3.13.0\selenium-ie-driver-3.13.0.jar;C:\Users\aapatil\.m2\repository\org\seleniumhq\selenium\selenium-opera-driver\3.13.0\selenium-opera-driver-3.13.0.jar;C:\Users\aapatil\.m2\repository\org\seleniumhq\selenium\selenium-remote-driver\3.13.0\selenium-remote-driver-3.13.0.jar;C:\Users\aapatil\.m2\repository\org\seleniumhq\selenium\selenium-safari-driver\3.13.0\selenium-safari-driver-3.13.0.jar;C:\Users\aapatil\.m2\repository\org\seleniumhq\selenium\selenium-support\3.13.0\selenium-support-3.13.0.jar;C:\Users\aapatil\.m2\repository\net\bytebuddy\byte-buddy\1.8.3\byte-buddy-1.8.3.jar;C:\Users\aapatil\.m2\repository\org\apache\commons\commons-exec\1.3\commons-exec-1.3.jar;C:\Users\aapatil\.m2\repository\commons-codec\commons-codec\1.10\commons-codec-1.10.jar;C:\Users\aapatil\.m2\repository\commons-logging\commons-logging\1.2\commons-logging-1.2.jar;C:\Users\aapatil\.m2\repository\com\google\code\gson\gson\2.8.4\gson-2.8.4.jar;C:\Users\aapatil\.m2\repository\com\google\guava\guava\25.0-jre\guava-25.0-jre.jar;C:\Users\aapatil\.m2\repository\com\google\code\findbugs\jsr305\1.3.9\jsr305-1.3.9.jar;C:\Users\aapatil\.m2\repository\org\checkerframework\checker-compat-qual\2.0.0\checker-compat-qual-2.0.0.jar;C:\Users\aapatil\.m2\repository\com\google\errorprone\error_prone_annotations\2.1.3\error_prone_annotations-2.1.3.jar;C:\Users\aapatil\.m2\repository\com\google\j2objc\j2objc-annotations\1.1\j2objc-annotations-1.1.jar;C:\Users\aapatil\.m2\repository\org\codehaus\mojo\animal-sniffer-annotations\1.14\animal-sniffer-annotations-1.14.jar;C:\Users\aapatil\.m2\repository\org\apache\httpcomponents\httpclient\4.5.5\httpclient-4.5.5.jar;C:\Users\aapatil\.m2\repository\org\apache\httpcomponents\httpcore\4.4.9\httpcore-4.4.9.jar;C:\Users\aapatil\.m2\repository\com\squareup\okhttp3\okhttp\3.10.0\okhttp-3.10.0.jar;C:\Users\aapatil\.m2\repository\com\squareup\okio\okio\1.14.1\okio-1.14.1.jar;C:\Users\aapatil\.m2\repository\com\relevantcodes\extentreports\2.41.2\extentreports-2.41.2.jar;C:\Users\aapatil\.m2\repository\org\jsoup\jsoup\1.8.3\jsoup-1.8.3.jar;C:\Users\aapatil\.m2\repository\org\xerial\sqlite-jdbc\3.8.11.1\sqlite-jdbc-3.8.11.1.jar;C:\Users\aapatil\.m2\repository\org\freemarker\freemarker\2.3.23\freemarker-2.3.23.jar;C:\Users\aapatil\.m2\repository\org\mongodb\mongodb-driver\3.0.4\mongodb-driver-3.0.4.jar;C:\Users\aapatil\.m2\repository\org\mongodb\bson\3.0.4\bson-3.0.4.jar;C:\Users\aapatil\.m2\repository\org\mongodb\mongodb-driver-core\3.0.4\mongodb-driver-core-3.0.4.jar;C:\Users\aapatil\.m2\repository\org\jfree\jfreechart\1.0.14\jfreechart-1.0.14.jar;C:\Users\aapatil\.m2\repository\org\jfree\jcommon\1.0.17\jcommon-1.0.17.jar;C:\Users\aapatil\.m2\repository\xml-apis\xml-apis\1.3.04\xml-apis-1.3.04.jar;C:\Users\aapatil\.m2\repository\com\lowagie\itext\2.1.5\itext-2.1.5.jar;C:\Users\aapatil\.m2\repository\bouncycastle\bcmail-jdk14\138\bcmail-jdk14-138.jar;C:\Users\aapatil\.m2\repository\bouncycastle\bcprov-jdk14\138\bcprov-jdk14-138.jar;C:\Users\aapatil\.m2\repository\com\github\detro\ghostdriver\phantomjsdriver\1.1.0\phantomjsdriver-1.1.0.jar;C:\Users\aapatil\.m2\repository\org\seleniumhq\selenium\selenium-server\2.39.0\selenium-server-2.39.0.jar;C:\Users\aapatil\.m2\repository\org\bouncycastle\bcprov-jdk15on\1.48\bcprov-jdk15on-1.48.jar;C:\Users\aapatil\.m2\repository\mx4j\mx4j-tools\3.0.1\mx4j-tools-3.0.1.jar;C:\Users\aapatil\.m2\repository\org\mortbay\jetty\servlet-api-2.5\6.1.9\servlet-api-2.5-6.1.9.jar;C:\Users\aapatil\.m2\repository\org\seleniumhq\selenium\jetty-repacked\7.6.1\jetty-repacked-7.6.1.jar;C:\Users\aapatil\.m2\repository\net\jcip\jcip-annotations\1.0\jcip-annotations-1.0.jar;C:\Users\aapatil\.m2\repository\org\yaml\snakeyaml\1.8\snakeyaml-1.8.jar;C:\Users\aapatil\.m2\repository\net\sourceforge\htmlunit\webdriver\2.6\webdriver-2.6.jar;C:\Users\aapatil\.m2\repository\org\seleniumhq\webdriver\webdriver-common\0.9.7089\webdriver-common-0.9.7089.jar;C:\Users\aapatil\.m2\repository\net\sourceforge\htmlunit\htmlunit\2.6\htmlunit-2.6.jar;C:\Users\aapatil\.m2\repository\xalan\xalan\2.7.1\xalan-2.7.1.jar;C:\Users\aapatil\.m2\repository\xalan\serializer\2.7.1\serializer-2.7.1.jar;C:\Users\aapatil\.m2\repository\commons-collections\commons-collections\3.2.1\commons-collections-3.2.1.jar;C:\Users\aapatil\.m2\repository\commons-lang\commons-lang\2.4\commons-lang-2.4.jar;C:\Users\aapatil\.m2\repository\commons-httpclient\commons-httpclient\3.1\commons-httpclient-3.1.jar;C:\Users\aapatil\.m2\repository\net\sourceforge\htmlunit\htmlunit-core-js\2.6\htmlunit-core-js-2.6.jar;C:\Users\aapatil\.m2\repository\xerces\xercesImpl\2.9.1\xercesImpl-2.9.1.jar;C:\Users\aapatil\.m2\repository\net\sourceforge\nekohtml\nekohtml\1.9.13\nekohtml-1.9.13.jar;C:\Users\aapatil\.m2\repository\net\sourceforge\cssparser\cssparser\0.9.5\cssparser-0.9.5.jar;C:\Users\aapatil\.m2\repository\org\w3c\css\sac\1.3\sac-1.3.jar;C:\Users\aapatil\.m2\repository\org\testng\testng\6.10\testng-6.10.jar;C:\Users\aapatil\.m2\repository\com\beust\jcommander\1.48\jcommander-1.48.jar;C:\Users\aapatil\.m2\repository\org\apache\poi\poi\3.17\poi-3.17.jar;C:\Users\aapatil\.m2\repository\org\apache\commons\commons-collections4\4.1\commons-collections4-4.1.jar;C:\Users\aapatil\.m2\repository\org\apache\poi\poi-ooxml\3.17\poi-ooxml-3.17.jar;C:\Users\aapatil\.m2\repository\org\apache\poi\poi-ooxml-schemas\3.17\poi-ooxml-schemas-3.17.jar;C:\Users\aapatil\.m2\repository\org\apache\xmlbeans\xmlbeans\2.6.0\xmlbeans-2.6.0.jar;C:\Users\aapatil\.m2\repository\stax\stax-api\1.0.1\stax-api-1.0.1.jar;C:\Users\aapatil\.m2\repository\com\github\virtuald\curvesapi\1.04\curvesapi-1.04.jar;C:\Users\aapatil\.m2\repository\net\schmizz\sshj\0.10.0\sshj-0.10.0.jar;C:\Users\aapatil\.m2\repository\org\slf4j\slf4j-api\1.7.7\slf4j-api-1.7.7.jar;C:\Users\aapatil\.m2\repository\org\bouncycastle\bcpkix-jdk15on\1.50\bcpkix-jdk15on-1.50.jar;C:\Users\aapatil\.m2\repository\mysql\mysql-connector-java\5.1.6\mysql-connector-java-5.1.6.jar;C:\Users\aapatil\.m2\repository\org\beanshell\bsh\2.0b4\bsh-2.0b4.jar;C:\Users\aapatil\.m2\repository\commons-io\commons-io\2.5\commons-io-2.5.jar;C:\Users\aapatil\.m2\repository\org\uncommons\reportng\1.1.4\reportng-1.1.4.jar;C:\Users\aapatil\.m2\repository\velocity\velocity\1.4\velocity-1.4.jar;C:\Users\aapatil\.m2\repository\velocity\velocity-dep\1.4\velocity-dep-1.4.jar;C:\Users\aapatil\.m2\repository\com\google\inject\guice\3.0\guice-3.0.jar;C:\Users\aapatil\.m2\repository\javax\inject\javax.inject\1\javax.inject-1.jar;C:\Users\aapatil\.m2\repository\aopalliance\aopalliance\1.0\aopalliance-1.0.jar;C:\Users\aapatil\.m2\repository\log4j\log4j\1.2.17\log4j-1.2.17.jar;C:\Users\aapatil\.m2\repository\org\apache\logging\log4j\log4j-api\2.6.1\log4j-api-2.6.1.jar;C:\Users\aapatil\.m2\repository\org\apache\logging\log4j\log4j-core\2.6.1\log4j-core-2.6.1.jar;C:\Users\aapatil\.m2\repository\org\apache\maven\surefire\surefire-testng-utils\2.22.0\surefire-testng-utils-2.22.0.jar;C:\Users\aapatil\.m2\repository\org\apache\maven\surefire\surefire-grouper\2.22.0\surefire-grouper-2.22.0.jar;"/>
    <property name="java.vm.vendor" value="Oracle Corporation"/>
    <property name="sun.arch.data.model" value="64"/>
    <property name="user.variant" value=""/>
    <property name="java.vendor.url" value="http://java.oracle.com/"/>
    <property name="user.timezone" value="Asia/Calcutta"/>
    <property name="java.vm.specification.version" value="1.8"/>
    <property name="os.name" value="Windows 10"/>
    <property name="user.country" value="IN"/>
    <property name="sun.java.launcher" value="SUN_STANDARD"/>
    <property name="sun.boot.library.path" value="C:\Program Files\Java\jre1.8.0_181\bin"/>
    <property name="sun.java.command" value="C:\Users\aapatil\AppData\Local\Temp\surefire4701333166289513863\surefirebooter7270266535717938256.jar C:\Users\aapatil\AppData\Local\Temp\surefire4701333166289513863 2018-10-03T12-32-20_992-jvmRun1 surefire1935545530289573514tmp surefire_05868430546366446228tmp"/>
    <property name="surefire.test.class.path" value="E:\To_Move\sentinel\Sentinel\DynamicLog4jProject\target\test-classes;E:\To_Move\sentinel\Sentinel\DynamicLog4jProject\target\classes;C:\Users\aapatil\.m2\repository\org\seleniumhq\selenium\selenium-java\3.13.0\selenium-java-3.13.0.jar;C:\Users\aapatil\.m2\repository\org\seleniumhq\selenium\selenium-api\3.13.0\selenium-api-3.13.0.jar;C:\Users\aapatil\.m2\repository\org\seleniumhq\selenium\selenium-chrome-driver\3.13.0\selenium-chrome-driver-3.13.0.jar;C:\Users\aapatil\.m2\repository\org\seleniumhq\selenium\selenium-edge-driver\3.13.0\selenium-edge-driver-3.13.0.jar;C:\Users\aapatil\.m2\repository\org\seleniumhq\selenium\selenium-firefox-driver\3.13.0\selenium-firefox-driver-3.13.0.jar;C:\Users\aapatil\.m2\repository\org\seleniumhq\selenium\selenium-ie-driver\3.13.0\selenium-ie-driver-3.13.0.jar;C:\Users\aapatil\.m2\repository\org\seleniumhq\selenium\selenium-opera-driver\3.13.0\selenium-opera-driver-3.13.0.jar;C:\Users\aapatil\.m2\repository\org\seleniumhq\selenium\selenium-remote-driver\3.13.0\selenium-remote-driver-3.13.0.jar;C:\Users\aapatil\.m2\repository\org\seleniumhq\selenium\selenium-safari-driver\3.13.0\selenium-safari-driver-3.13.0.jar;C:\Users\aapatil\.m2\repository\org\seleniumhq\selenium\selenium-support\3.13.0\selenium-support-3.13.0.jar;C:\Users\aapatil\.m2\repository\net\bytebuddy\byte-buddy\1.8.3\byte-buddy-1.8.3.jar;C:\Users\aapatil\.m2\repository\org\apache\commons\commons-exec\1.3\commons-exec-1.3.jar;C:\Users\aapatil\.m2\repository\commons-codec\commons-codec\1.10\commons-codec-1.10.jar;C:\Users\aapatil\.m2\repository\commons-logging\commons-logging\1.2\commons-logging-1.2.jar;C:\Users\aapatil\.m2\repository\com\google\code\gson\gson\2.8.4\gson-2.8.4.jar;C:\Users\aapatil\.m2\repository\com\google\guava\guava\25.0-jre\guava-25.0-jre.jar;C:\Users\aapatil\.m2\repository\com\google\code\findbugs\jsr305\1.3.9\jsr305-1.3.9.jar;C:\Users\aapatil\.m2\repository\org\checkerframework\checker-compat-qual\2.0.0\checker-compat-qual-2.0.0.jar;C:\Users\aapatil\.m2\repository\com\google\errorprone\error_prone_annotations\2.1.3\error_prone_annotations-2.1.3.jar;C:\Users\aapatil\.m2\repository\com\google\j2objc\j2objc-annotations\1.1\j2objc-annotations-1.1.jar;C:\Users\aapatil\.m2\repository\org\codehaus\mojo\animal-sniffer-annotations\1.14\animal-sniffer-annotations-1.14.jar;C:\Users\aapatil\.m2\repository\org\apache\httpcomponents\httpclient\4.5.5\httpclient-4.5.5.jar;C:\Users\aapatil\.m2\repository\org\apache\httpcomponents\httpcore\4.4.9\httpcore-4.4.9.jar;C:\Users\aapatil\.m2\repository\com\squareup\okhttp3\okhttp\3.10.0\okhttp-3.10.0.jar;C:\Users\aapatil\.m2\repository\com\squareup\okio\okio\1.14.1\okio-1.14.1.jar;C:\Users\aapatil\.m2\repository\com\relevantcodes\extentreports\2.41.2\extentreports-2.41.2.jar;C:\Users\aapatil\.m2\repository\org\jsoup\jsoup\1.8.3\jsoup-1.8.3.jar;C:\Users\aapatil\.m2\repository\org\xerial\sqlite-jdbc\3.8.11.1\sqlite-jdbc-3.8.11.1.jar;C:\Users\aapatil\.m2\repository\org\freemarker\freemarker\2.3.23\freemarker-2.3.23.jar;C:\Users\aapatil\.m2\repository\org\mongodb\mongodb-driver\3.0.4\mongodb-driver-3.0.4.jar;C:\Users\aapatil\.m2\repository\org\mongodb\bson\3.0.4\bson-3.0.4.jar;C:\Users\aapatil\.m2\repository\org\mongodb\mongodb-driver-core\3.0.4\mongodb-driver-core-3.0.4.jar;C:\Users\aapatil\.m2\repository\org\jfree\jfreechart\1.0.14\jfreechart-1.0.14.jar;C:\Users\aapatil\.m2\repository\org\jfree\jcommon\1.0.17\jcommon-1.0.17.jar;C:\Users\aapatil\.m2\repository\xml-apis\xml-apis\1.3.04\xml-apis-1.3.04.jar;C:\Users\aapatil\.m2\repository\com\lowagie\itext\2.1.5\itext-2.1.5.jar;C:\Users\aapatil\.m2\repository\bouncycastle\bcmail-jdk14\138\bcmail-jdk14-138.jar;C:\Users\aapatil\.m2\repository\bouncycastle\bcprov-jdk14\138\bcprov-jdk14-138.jar;C:\Users\aapatil\.m2\repository\com\github\detro\ghostdriver\phantomjsdriver\1.1.0\phantomjsdriver-1.1.0.jar;C:\Users\aapatil\.m2\repository\org\seleniumhq\selenium\selenium-server\2.39.0\selenium-server-2.39.0.jar;C:\Users\aapatil\.m2\repository\org\bouncycastle\bcprov-jdk15on\1.48\bcprov-jdk15on-1.48.jar;C:\Users\aapatil\.m2\repository\mx4j\mx4j-tools\3.0.1\mx4j-tools-3.0.1.jar;C:\Users\aapatil\.m2\repository\org\mortbay\jetty\servlet-api-2.5\6.1.9\servlet-api-2.5-6.1.9.jar;C:\Users\aapatil\.m2\repository\org\seleniumhq\selenium\jetty-repacked\7.6.1\jetty-repacked-7.6.1.jar;C:\Users\aapatil\.m2\repository\net\jcip\jcip-annotations\1.0\jcip-annotations-1.0.jar;C:\Users\aapatil\.m2\repository\org\yaml\snakeyaml\1.8\snakeyaml-1.8.jar;C:\Users\aapatil\.m2\repository\net\sourceforge\htmlunit\webdriver\2.6\webdriver-2.6.jar;C:\Users\aapatil\.m2\repository\org\seleniumhq\webdriver\webdriver-common\0.9.7089\webdriver-common-0.9.7089.jar;C:\Users\aapatil\.m2\repository\net\sourceforge\htmlunit\htmlunit\2.6\htmlunit-2.6.jar;C:\Users\aapatil\.m2\repository\xalan\xalan\2.7.1\xalan-2.7.1.jar;C:\Users\aapatil\.m2\repository\xalan\serializer\2.7.1\serializer-2.7.1.jar;C:\Users\aapatil\.m2\repository\commons-collections\commons-collections\3.2.1\commons-collections-3.2.1.jar;C:\Users\aapatil\.m2\repository\commons-lang\commons-lang\2.4\commons-lang-2.4.jar;C:\Users\aapatil\.m2\repository\commons-httpclient\commons-httpclient\3.1\commons-httpclient-3.1.jar;C:\Users\aapatil\.m2\repository\net\sourceforge\htmlunit\htmlunit-core-js\2.6\htmlunit-core-js-2.6.jar;C:\Users\aapatil\.m2\repository\xerces\xercesImpl\2.9.1\xercesImpl-2.9.1.jar;C:\Users\aapatil\.m2\repository\net\sourceforge\nekohtml\nekohtml\1.9.13\nekohtml-1.9.13.jar;C:\Users\aapatil\.m2\repository\net\sourceforge\cssparser\cssparser\0.9.5\cssparser-0.9.5.jar;C:\Users\aapatil\.m2\repository\org\w3c\css\sac\1.3\sac-1.3.jar;C:\Users\aapatil\.m2\repository\org\testng\testng\6.10\testng-6.10.jar;C:\Users\aapatil\.m2\repository\com\beust\jcommander\1.48\jcommander-1.48.jar;C:\Users\aapatil\.m2\repository\org\apache\poi\poi\3.17\poi-3.17.jar;C:\Users\aapatil\.m2\repository\org\apache\commons\commons-collections4\4.1\commons-collections4-4.1.jar;C:\Users\aapatil\.m2\repository\org\apache\poi\poi-ooxml\3.17\poi-ooxml-3.17.jar;C:\Users\aapatil\.m2\repository\org\apache\poi\poi-ooxml-schemas\3.17\poi-ooxml-schemas-3.17.jar;C:\Users\aapatil\.m2\repository\org\apache\xmlbeans\xmlbeans\2.6.0\xmlbeans-2.6.0.jar;C:\Users\aapatil\.m2\repository\stax\stax-api\1.0.1\stax-api-1.0.1.jar;C:\Users\aapatil\.m2\repository\com\github\virtuald\curvesapi\1.04\curvesapi-1.04.jar;C:\Users\aapatil\.m2\repository\net\schmizz\sshj\0.10.0\sshj-0.10.0.jar;C:\Users\aapatil\.m2\repository\org\slf4j\slf4j-api\1.7.7\slf4j-api-1.7.7.jar;C:\Users\aapatil\.m2\repository\org\bouncycastle\bcpkix-jdk15on\1.50\bcpkix-jdk15on-1.50.jar;C:\Users\aapatil\.m2\repository\mysql\mysql-connector-java\5.1.6\mysql-connector-java-5.1.6.jar;C:\Users\aapatil\.m2\repository\org\beanshell\bsh\2.0b4\bsh-2.0b4.jar;C:\Users\aapatil\.m2\repository\commons-io\commons-io\2.5\commons-io-2.5.jar;C:\Users\aapatil\.m2\repository\org\uncommons\reportng\1.1.4\reportng-1.1.4.jar;C:\Users\aapatil\.m2\repository\velocity\velocity\1.4\velocity-1.4.jar;C:\Users\aapatil\.m2\repository\velocity\velocity-dep\1.4\velocity-dep-1.4.jar;C:\Users\aapatil\.m2\repository\com\google\inject\guice\3.0\guice-3.0.jar;C:\Users\aapatil\.m2\repository\javax\inject\javax.inject\1\javax.inject-1.jar;C:\Users\aapatil\.m2\repository\aopalliance\aopalliance\1.0\aopalliance-1.0.jar;C:\Users\aapatil\.m2\repository\log4j\log4j\1.2.17\log4j-1.2.17.jar;C:\Users\aapatil\.m2\repository\org\apache\logging\log4j\log4j-api\2.6.1\log4j-api-2.6.1.jar;C:\Users\aapatil\.m2\repository\org\apache\logging\log4j\log4j-core\2.6.1\log4j-core-2.6.1.jar;C:\Users\aapatil\.m2\repository\org\apache\maven\surefire\surefire-testng-utils\2.22.0\surefire-testng-utils-2.22.0.jar;C:\Users\aapatil\.m2\repository\org\apache\maven\surefire\surefire-grouper\2.22.0\surefire-grouper-2.22.0.jar;"/>
    <property name="sun.cpu.endian" value="little"/>
    <property name="user.home" value="C:\Users\aapatil"/>
    <property name="user.language" value="en"/>
    <property name="java.specification.vendor" value="Oracle Corporation"/>
    <property name="java.home" value="C:\Program Files\Java\jre1.8.0_181"/>
    <property name="basedir" value="E:\To_Move\sentinel\Sentinel\DynamicLog4jProject"/>
    <property name="file.separator" value="\"/>
    <property name="line.separator" value="&#10;"/>
    <property name="java.vm.specification.vendor" value="Oracle Corporation"/>
    <property name="java.specification.name" value="Java Platform API Specification"/>
    <property name="java.awt.graphicsenv" value="sun.awt.Win32GraphicsEnvironment"/>
    <property name="surefire.real.class.path" value="C:\Users\aapatil\AppData\Local\Temp\surefire4701333166289513863\surefirebooter7270266535717938256.jar"/>
    <property name="sun.boot.class.path" value="C:\Program Files\Java\jre1.8.0_181\lib\resources.jar;C:\Program Files\Java\jre1.8.0_181\lib\rt.jar;C:\Program Files\Java\jre1.8.0_181\lib\sunrsasign.jar;C:\Program Files\Java\jre1.8.0_181\lib\jsse.jar;C:\Program Files\Java\jre1.8.0_181\lib\jce.jar;C:\Program Files\Java\jre1.8.0_181\lib\charsets.jar;C:\Program Files\Java\jre1.8.0_181\lib\jfr.jar;C:\Program Files\Java\jre1.8.0_181\classes"/>
    <property name="user.script" value=""/>
    <property name="sun.management.compiler" value="HotSpot 64-Bit Tiered Compilers"/>
    <property name="java.runtime.version" value="1.8.0_181-b13"/>
    <property name="user.name" value="aapatil"/>
    <property name="path.separator" value=";"/>
    <property name="os.version" value="10.0"/>
    <property name="java.endorsed.dirs" value="C:\Program Files\Java\jre1.8.0_181\lib\endorsed"/>
    <property name="java.runtime.name" value="Java(TM) SE Runtime Environment"/>
    <property name="file.encoding" value="Cp1252"/>
    <property name="java.vm.name" value="Java HotSpot(TM) 64-Bit Server VM"/>
    <property name="localRepository" value="C:\Users\aapatil\.m2\repository"/>
    <property name="java.vendor.url.bug" value="http://bugreport.sun.com/bugreport/"/>
    <property name="java.io.tmpdir" value="C:\Users\aapatil\AppData\Local\Temp\"/>
    <property name="java.version" value="1.8.0_181"/>
    <property name="user.dir" value="E:\To_Move\sentinel\Sentinel\DynamicLog4jProject"/>
    <property name="os.arch" value="amd64"/>
    <property name="java.vm.specification.name" value="Java Virtual Machine Specification"/>
    <property name="java.awt.printerjob" value="sun.awt.windows.WPrinterJob"/>
    <property name="sun.os.patch.level" value=""/>
    <property name="java.library.path" value="C:\Program Files\Java\jre1.8.0_181\bin;C:\Windows\Sun\Java\bin;C:\Windows\system32;C:\Windows;C:/Program Files/Java/jre1.8.0_181/bin/server;C:/Program Files/Java/jre1.8.0_181/bin;C:/Program Files/Java/jre1.8.0_181/lib/amd64;C:\Program Files (x86)\Common Files\Oracle\Java\javapath;C:\ProgramData\Oracle\Java\javapath;C:\Windows\system32;C:\Windows;C:\Windows\System32\Wbem;C:\Windows\System32\WindowsPowerShell\v1.0\;C:\Windows\System32\OpenSSH\;C:\Program Files\Java\jdk1.8.0_131\bin;C:\Program Files (x86)\Windows Live\Shared;C:\Program Files\TortoiseSVN\bin;D:\Softwares\Maven\apache-maven-3.5.0\bin;C:\Users\aapatil\AppData\Local\Microsoft\WindowsApps;C:\Users\aapatil\AppData\Local\GitHubDesktop\bin;E:\To_Move\Softwares\Eclipse\New Eclipse\eclipse-jee-mars\eclipse;;."/>
    <property name="java.vm.info" value="mixed mode"/>
    <property name="java.vendor" value="Oracle Corporation"/>
    <property name="java.vm.version" value="25.181-b13"/>
    <property name="java.ext.dirs" value="C:\Program Files\Java\jre1.8.0_181\lib\ext;C:\Windows\Sun\Java\lib\ext"/>
    <property name="sun.io.unicode.encoding" value="UnicodeLittle"/>
    <property name="java.class.version" value="52.0"/>
  </properties>
  <testcase name="verifySentinalSignUpPageLayout" classname="com.sentinel.test.SignUpTestSuite" time="0.508"/>
  <testcase name="verifyErrorMessages" classname="com.sentinel.test.SignUpTestSuite" time="0.002"/>
  <testcase name="verifyForgetUsernameOrPasswordPageElements" classname="com.sentinel.test.SignUpTestSuite" time="0.817"/>
  <testcase name="verifyResendUserName" classname="com.sentinel.test.SignUpTestSuite" time="2.914"/>
</testsuite>