<?xml version="1.0" encoding="UTF-8"?>
<!-- Generated by org.testng.reporters.JUnitReportReporter -->
<testsuite name="com.sentinel.test.SignUpTestSuite" tests="4" time="4.247" ignored="35" failures="0" timestamp="03 Oct 2018 07:02:38 GMT" skipped="0" hostname="CIPL-1PC28" errors="0">
  <testcase name="verifyResendUserName" time="2.914" classname="com.sentinel.test.SignUpTestSuite"/>
  <testcase name="verifySentinalSignUpPageLayout" time="0.513" classname="com.sentinel.test.SignUpTestSuite"/>
  <testcase name="verifyForgetUsernameOrPasswordPageElements" time="0.818" classname="com.sentinel.test.SignUpTestSuite"/>
  <testcase name="verifyErrorMessages" time="0.002" classname="com.sentinel.test.SignUpTestSuite"/>
  <testcase name="verifyNewAddressFieldsWithDataBase" classname="com.sentinel.test.VerifyFacilityListingAndCreateAddressTestSuite">
    <skipped/>
  </testcase> <!-- verifyNewAddressFieldsWithDataBase -->
  <testcase name="verifyFacilityPageLayout" classname="com.sentinel.test.VerifyFacilityListingAndCreateAddressTestSuite">
    <skipped/>
  </testcase> <!-- verifyFacilityPageLayout -->
  <testcase name="verifyFacilityFilter" classname="com.sentinel.test.VerifyFacilityListingAndCreateAddressTestSuite">
    <skipped/>
  </testcase> <!-- verifyFacilityFilter -->
  <testcase name="verifyAddressPageLayout" classname="com.sentinel.test.VerifyFacilityListingAndCreateAddressTestSuite">
    <skipped/>
  </testcase> <!-- verifyAddressPageLayout -->
  <testcase name="verifyNewAddressFieldsLayout" classname="com.sentinel.test.VerifyFacilityListingAndCreateAddressTestSuite">
    <skipped/>
  </testcase> <!-- verifyNewAddressFieldsLayout -->
  <testcase name="verifyNewAddressFieldsErrorMessages" classname="com.sentinel.test.VerifyFacilityListingAndCreateAddressTestSuite">
    <skipped/>
  </testcase> <!-- verifyNewAddressFieldsErrorMessages -->
  <testcase name="verifyMaxLimitValidUsernameInvalidPassword" classname="com.sentinel.test.SignUpTestSuite">
    <skipped/>
  </testcase> <!-- verifyMaxLimitValidUsernameInvalidPassword -->
  <testcase name="verifyOTPErrorMessagesAndInvalidOTPErrorMessages" classname="com.sentinel.test.SignUpTestSuite">
    <skipped/>
  </testcase> <!-- verifyOTPErrorMessagesAndInvalidOTPErrorMessages -->
  <testcase name="verifyResetPasswordFunctionality" classname="com.sentinel.test.SignUpTestSuite">
    <skipped/>
  </testcase> <!-- verifyResetPasswordFunctionality -->
  <testcase name="verifyMaxLimitResendOTPS" classname="com.sentinel.test.SignUpTestSuite">
    <skipped/>
  </testcase> <!-- verifyMaxLimitResendOTPS -->
  <testcase name="verifyResetPasswordErrorMessages" classname="com.sentinel.test.SignUpTestSuite">
    <skipped/>
  </testcase> <!-- verifyResetPasswordErrorMessages -->
  <testcase name="verifyMaxLimitResetPasswordMail" classname="com.sentinel.test.SignUpTestSuite">
    <skipped/>
  </testcase> <!-- verifyMaxLimitResetPasswordMail -->
  <testcase name="verifyFacilityCreateLayout" classname="com.sentinel.test.CreateFacilityTestSuite">
    <skipped/>
  </testcase> <!-- verifyFacilityCreateLayout -->
  <testcase name="verifyFacilityFormCreated" classname="com.sentinel.test.CreateFacilityTestSuite">
    <skipped/>
  </testcase> <!-- verifyFacilityFormCreated -->
  <testcase name="verifyFacilityCreateErrorMessages" classname="com.sentinel.test.CreateFacilityTestSuite">
    <skipped/>
  </testcase> <!-- verifyFacilityCreateErrorMessages -->
  <testcase name="verifyFacilityCreateErrorMessages" classname="com.sentinel.test.CreateCorporateTestSuite">
    <skipped/>
  </testcase> <!-- verifyFacilityCreateErrorMessages -->
  <testcase name="verifyFacilityCreateLayout" classname="com.sentinel.test.CreateCorporateTestSuite">
    <skipped/>
  </testcase> <!-- verifyFacilityCreateLayout -->
  <testcase name="verifyEditContactPageLayout" classname="com.sentinel.test.AddContactWithLoginFunctionalityTestSuite">
    <skipped/>
  </testcase> <!-- verifyEditContactPageLayout -->
  <testcase name="verifyEmailGeneratedResetPasswordAndLinkExpired" classname="com.sentinel.test.AddContactWithLoginFunctionalityTestSuite">
    <skipped/>
  </testcase> <!-- verifyEmailGeneratedResetPasswordAndLinkExpired -->
  <testcase name="verifyEditCreatedContactFunctionality" classname="com.sentinel.test.AddContactWithLoginFunctionalityTestSuite">
    <skipped/>
  </testcase> <!-- verifyEditCreatedContactFunctionality -->
  <testcase name="verifyNewContactAddedvaluesInDataBase" classname="com.sentinel.test.AddContactWithLoginFunctionalityTestSuite">
    <skipped/>
  </testcase> <!-- verifyNewContactAddedvaluesInDataBase -->
  <testcase name="verifyNewContactFieldsErrorMessages" classname="com.sentinel.test.AddContactWithLoginFunctionalityTestSuite">
    <skipped/>
  </testcase> <!-- verifyNewContactFieldsErrorMessages -->
  <testcase name="verifyEditContactResendUserNameFunctionality" classname="com.sentinel.test.AddContactWithLoginFunctionalityTestSuite">
    <skipped/>
  </testcase> <!-- verifyEditContactResendUserNameFunctionality -->
  <testcase name="verifyAddContactPageLayout" classname="com.sentinel.test.AddContactWithLoginFunctionalityTestSuite">
    <skipped/>
  </testcase> <!-- verifyAddContactPageLayout -->
  <testcase name="verifyNewContactFieldsLayout" classname="com.sentinel.test.AddContactWithLoginFunctionalityTestSuite">
    <skipped/>
  </testcase> <!-- verifyNewContactFieldsLayout -->
  <testcase name="verifyDepartmentManagementPageLayout" classname="com.sentinel.test.DepartmentManagementTestSuite">
    <skipped/>
  </testcase> <!-- verifyDepartmentManagementPageLayout -->
  <testcase name="addAndVerifyFacilityDepartment" classname="com.sentinel.test.DepartmentManagementTestSuite">
    <skipped/>
  </testcase> <!-- addAndVerifyFacilityDepartment -->
  <testcase name="verifyErrorMessagesAndSearchFunctionality" classname="com.sentinel.test.DepartmentManagementTestSuite">
    <skipped/>
  </testcase> <!-- verifyErrorMessagesAndSearchFunctionality -->
  <testcase name="verifyNewlyAddedDepartment" classname="com.sentinel.test.DepartmentManagementTestSuite">
    <skipped/>
  </testcase> <!-- verifyNewlyAddedDepartment -->
  <testcase name="verifyFacilityDepartmentLayout" classname="com.sentinel.test.DepartmentManagementTestSuite">
    <skipped/>
  </testcase> <!-- verifyFacilityDepartmentLayout -->
  <testcase name="addDepartmentToContact" classname="com.sentinel.test.DepartmentManagementTestSuite">
    <skipped/>
  </testcase> <!-- addDepartmentToContact -->
  <testcase name="verifyDefaultDepartmentAdminCreatedDepartment" classname="com.sentinel.test.DepartmentManagementTestSuite">
    <skipped/>
  </testcase> <!-- verifyDefaultDepartmentAdminCreatedDepartment -->
  <testcase name="verifyAdminDepartmentInacticateFunctionality" classname="com.sentinel.test.DepartmentManagementTestSuite">
    <skipped/>
  </testcase> <!-- verifyAdminDepartmentInacticateFunctionality -->
  <testcase name="verifyFacilityDepartmentInacticateFunctionality" classname="com.sentinel.test.DepartmentManagementTestSuite">
    <skipped/>
  </testcase> <!-- verifyFacilityDepartmentInacticateFunctionality -->
  <testcase name="verifyNewDepartmentPageLayout" classname="com.sentinel.test.DepartmentManagementTestSuite">
    <skipped/>
  </testcase> <!-- verifyNewDepartmentPageLayout -->
</testsuite> <!-- com.sentinel.test.SignUpTestSuite -->
