<?xml version="1.0" encoding="UTF-8"?>
<!-- Generated by org.testng.reporters.JUnitReportReporter -->
<testsuite name="com.sentinel.test.CreateCorporateTestSuite" tests="1" time="0.000" ignored="35" failures="0" timestamp="01 Oct 2018 09:45:35 GMT" skipped="0" hostname="CIPL-1PC28" errors="1">
  <testcase name="DriversetUp" time="0.000" classname="com.sentinel.test.CreateCorporateTestSuite">
    <error type="java.lang.ClassCastException" message="org.apache.logging.log4j.core.Logger cannot be cast to org.apache.log4j.Logger">
      <![CDATA[java.lang.ClassCastException: org.apache.logging.log4j.core.Logger cannot be cast to org.apache.log4j.Logger
	at com.sentinel.driver.WebDriverTestBase.initConfig(WebDriverTestBase.java:204)
	at com.sentinel.driver.WebDriverTestBase.DriversetUp(WebDriverTestBase.java:67)
	at sun.reflect.NativeMethodAccessorImpl.invoke0(Native Method)
	at sun.reflect.NativeMethodAccessorImpl.invoke(Unknown Source)
	at sun.reflect.DelegatingMethodAccessorImpl.invoke(Unknown Source)
	at java.lang.reflect.Method.invoke(Unknown Source)
	at org.testng.internal.MethodInvocationHelper.invokeMethod(MethodInvocationHelper.java:104)
	at org.testng.internal.Invoker.invokeConfigurationMethod(Invoker.java:515)
	at org.testng.internal.Invoker.invokeConfigurations(Invoker.java:217)
	at org.testng.internal.Invoker.invokeConfigurations(Invoker.java:144)
	at org.testng.SuiteRunner.privateRun(SuiteRunner.java:326)
	at org.testng.SuiteRunner.run(SuiteRunner.java:289)
	at org.testng.SuiteRunnerWorker.runSuite(SuiteRunnerWorker.java:52)
	at org.testng.SuiteRunnerWorker.run(SuiteRunnerWorker.java:86)
	at org.testng.TestNG.runSuitesSequentially(TestNG.java:1293)
	at org.testng.TestNG.runSuitesLocally(TestNG.java:1218)
	at org.testng.TestNG.runSuites(TestNG.java:1133)
	at org.testng.TestNG.run(TestNG.java:1104)
	at org.apache.maven.surefire.testng.TestNGExecutor.run(TestNGExecutor.java:283)
	at org.apache.maven.surefire.testng.TestNGXmlTestSuite.execute(TestNGXmlTestSuite.java:75)
	at org.apache.maven.surefire.testng.TestNGProvider.invoke(TestNGProvider.java:120)
	at org.apache.maven.surefire.booter.ForkedBooter.invokeProviderInSameClassLoader(ForkedBooter.java:383)
	at org.apache.maven.surefire.booter.ForkedBooter.runSuitesInProcess(ForkedBooter.java:344)
	at org.apache.maven.surefire.booter.ForkedBooter.execute(ForkedBooter.java:125)
	at org.apache.maven.surefire.booter.ForkedBooter.main(ForkedBooter.java:417)
]]>
    </error>
  </testcase> <!-- DriversetUp -->
  <testcase name="verifyDepartmentManagementPageLayout" classname="com.sentinel.test.DepartmentManagementTestSuite">
    <skipped/>
  </testcase> <!-- verifyDepartmentManagementPageLayout -->
  <testcase name="addAndVerifyFacilityDepartment" classname="com.sentinel.test.DepartmentManagementTestSuite">
    <skipped/>
  </testcase> <!-- addAndVerifyFacilityDepartment -->
  <testcase name="verifyErrorMessagesAndSearchFunctionality" classname="com.sentinel.test.DepartmentManagementTestSuite">
    <skipped/>
  </testcase> <!-- verifyErrorMessagesAndSearchFunctionality -->
  <testcase name="verifyNewlyAddedDepartment" classname="com.sentinel.test.DepartmentManagementTestSuite">
    <skipped/>
  </testcase> <!-- verifyNewlyAddedDepartment -->
  <testcase name="verifyFacilityDepartmentLayout" classname="com.sentinel.test.DepartmentManagementTestSuite">
    <skipped/>
  </testcase> <!-- verifyFacilityDepartmentLayout -->
  <testcase name="addDepartmentToContact" classname="com.sentinel.test.DepartmentManagementTestSuite">
    <skipped/>
  </testcase> <!-- addDepartmentToContact -->
  <testcase name="verifyDefaultDepartmentAdminCreatedDepartment" classname="com.sentinel.test.DepartmentManagementTestSuite">
    <skipped/>
  </testcase> <!-- verifyDefaultDepartmentAdminCreatedDepartment -->
  <testcase name="verifyAdminDepartmentInacticateFunctionality" classname="com.sentinel.test.DepartmentManagementTestSuite">
    <skipped/>
  </testcase> <!-- verifyAdminDepartmentInacticateFunctionality -->
  <testcase name="verifyFacilityDepartmentInacticateFunctionality" classname="com.sentinel.test.DepartmentManagementTestSuite">
    <skipped/>
  </testcase> <!-- verifyFacilityDepartmentInacticateFunctionality -->
  <testcase name="verifyNewDepartmentPageLayout" classname="com.sentinel.test.DepartmentManagementTestSuite">
    <skipped/>
  </testcase> <!-- verifyNewDepartmentPageLayout -->
  <testcase name="verifyOTPErrorMessagesAndInvalidOTPErrorMessages" classname="com.sentinel.test.SignUpTestSuite">
    <skipped/>
  </testcase> <!-- verifyOTPErrorMessagesAndInvalidOTPErrorMessages -->
  <testcase name="verifyMaxLimitValidUsernameInvalidPassword" classname="com.sentinel.test.SignUpTestSuite">
    <skipped/>
  </testcase> <!-- verifyMaxLimitValidUsernameInvalidPassword -->
  <testcase name="verifyResetPasswordFunctionality" classname="com.sentinel.test.SignUpTestSuite">
    <skipped/>
  </testcase> <!-- verifyResetPasswordFunctionality -->
  <testcase name="verifyMaxLimitResendOTPS" classname="com.sentinel.test.SignUpTestSuite">
    <skipped/>
  </testcase> <!-- verifyMaxLimitResendOTPS -->
  <testcase name="verifyResetPasswordErrorMessages" classname="com.sentinel.test.SignUpTestSuite">
    <skipped/>
  </testcase> <!-- verifyResetPasswordErrorMessages -->
  <testcase name="verifyMaxLimitResetPasswordMail" classname="com.sentinel.test.SignUpTestSuite">
    <skipped/>
  </testcase> <!-- verifyMaxLimitResetPasswordMail -->
  <testcase name="verifyFacilityCreateLayout" classname="com.sentinel.test.CreateFacilityTestSuite">
    <skipped/>
  </testcase> <!-- verifyFacilityCreateLayout -->
  <testcase name="verifyFacilityFormCreated" classname="com.sentinel.test.CreateFacilityTestSuite">
    <skipped/>
  </testcase> <!-- verifyFacilityFormCreated -->
  <testcase name="verifyFacilityCreateErrorMessages" classname="com.sentinel.test.CreateFacilityTestSuite">
    <skipped/>
  </testcase> <!-- verifyFacilityCreateErrorMessages -->
  <testcase name="verifyEmailGeneratedResetPasswordAndLinkExpired" classname="com.sentinel.test.AddContactWithLoginFunctionalityTestSuite">
    <skipped/>
  </testcase> <!-- verifyEmailGeneratedResetPasswordAndLinkExpired -->
  <testcase name="verifyEditContactPageLayout" classname="com.sentinel.test.AddContactWithLoginFunctionalityTestSuite">
    <skipped/>
  </testcase> <!-- verifyEditContactPageLayout -->
  <testcase name="verifyEditCreatedContactFunctionality" classname="com.sentinel.test.AddContactWithLoginFunctionalityTestSuite">
    <skipped/>
  </testcase> <!-- verifyEditCreatedContactFunctionality -->
  <testcase name="verifyNewContactAddedvaluesInDataBase" classname="com.sentinel.test.AddContactWithLoginFunctionalityTestSuite">
    <skipped/>
  </testcase> <!-- verifyNewContactAddedvaluesInDataBase -->
  <testcase name="verifyNewContactFieldsErrorMessages" classname="com.sentinel.test.AddContactWithLoginFunctionalityTestSuite">
    <skipped/>
  </testcase> <!-- verifyNewContactFieldsErrorMessages -->
  <testcase name="verifyEditContactResendUserNameFunctionality" classname="com.sentinel.test.AddContactWithLoginFunctionalityTestSuite">
    <skipped/>
  </testcase> <!-- verifyEditContactResendUserNameFunctionality -->
  <testcase name="verifyAddContactPageLayout" classname="com.sentinel.test.AddContactWithLoginFunctionalityTestSuite">
    <skipped/>
  </testcase> <!-- verifyAddContactPageLayout -->
  <testcase name="verifyNewContactFieldsLayout" classname="com.sentinel.test.AddContactWithLoginFunctionalityTestSuite">
    <skipped/>
  </testcase> <!-- verifyNewContactFieldsLayout -->
  <testcase name="verifyNewAddressFieldsWithDataBase" classname="com.sentinel.test.VerifyFacilityListingAndCreateAddressTestSuite">
    <skipped/>
  </testcase> <!-- verifyNewAddressFieldsWithDataBase -->
  <testcase name="verifyFacilityPageLayout" classname="com.sentinel.test.VerifyFacilityListingAndCreateAddressTestSuite">
    <skipped/>
  </testcase> <!-- verifyFacilityPageLayout -->
  <testcase name="verifyFacilityFilter" classname="com.sentinel.test.VerifyFacilityListingAndCreateAddressTestSuite">
    <skipped/>
  </testcase> <!-- verifyFacilityFilter -->
  <testcase name="verifyAddressPageLayout" classname="com.sentinel.test.VerifyFacilityListingAndCreateAddressTestSuite">
    <skipped/>
  </testcase> <!-- verifyAddressPageLayout -->
  <testcase name="verifyNewAddressFieldsErrorMessages" classname="com.sentinel.test.VerifyFacilityListingAndCreateAddressTestSuite">
    <skipped/>
  </testcase> <!-- verifyNewAddressFieldsErrorMessages -->
  <testcase name="verifyNewAddressFieldsLayout" classname="com.sentinel.test.VerifyFacilityListingAndCreateAddressTestSuite">
    <skipped/>
  </testcase> <!-- verifyNewAddressFieldsLayout -->
  <testcase name="verifyFacilityCreateErrorMessages" classname="com.sentinel.test.CreateCorporateTestSuite">
    <skipped/>
  </testcase> <!-- verifyFacilityCreateErrorMessages -->
  <testcase name="verifyFacilityCreateLayout" classname="com.sentinel.test.CreateCorporateTestSuite">
    <skipped/>
  </testcase> <!-- verifyFacilityCreateLayout -->
</testsuite> <!-- com.sentinel.test.CreateCorporateTestSuite -->
